
               1. loop === first possibility === : -> <variableLetterCapitalOrUnderscore>, <variableTail>
              1. loop - one symbol in possibility: -> <variableLetterCapitalOrUnderscore>

               2. loop === first possibility === : -> "V", "_", <variableTail>
              2. loop - one symbol in possibility: -> "V"
              2. loop - one symbol in possibility: -> "_"
              2. loop - one symbol in possibility: -> <variableTail>
                       only terminating symbolname -> V_


               3. loop === first possibility === : -> "V", "_", <variableLetterOrDigitOrUnderscore>, <variableTail>
              3. loop - one symbol in possibility: -> "V"
              3. loop - one symbol in possibility: -> "_"
              3. loop - one symbol in possibility: -> <variableLetterOrDigitOrUnderscore>

               4. loop === first possibility === : -> "V", "_", "h", "i", <variableTail>
              4. loop - one symbol in possibility: -> "V"
              4. loop - one symbol in possibility: -> "_"
              4. loop - one symbol in possibility: -> "h"
              4. loop - one symbol in possibility: -> "i"
              4. loop - one symbol in possibility: -> <variableTail>
                       only terminating symbolname -> V_hi


               5. loop === first possibility === : -> "V", "_", "h", "i", <variableLetterOrDigitOrUnderscore>, <variableTail>
              5. loop - one symbol in possibility: -> "V"
              5. loop - one symbol in possibility: -> "_"
              5. loop - one symbol in possibility: -> "h"
              5. loop - one symbol in possibility: -> "i"
              5. loop - one symbol in possibility: -> <variableLetterOrDigitOrUnderscore>

               6. loop === first possibility === : -> "V", "_", "h", "i", "h", "i", <variableTail>
              6. loop - one symbol in possibility: -> "V"
              6. loop - one symbol in possibility: -> "_"
              6. loop - one symbol in possibility: -> "h"
              6. loop - one symbol in possibility: -> "i"
              6. loop - one symbol in possibility: -> "h"
              6. loop - one symbol in possibility: -> "i"
              6. loop - one symbol in possibility: -> <variableTail>
                       only terminating symbolname -> V_hihi


               7. loop === first possibility === : -> "V", "_", "h", "i", "h", "i", <variableLetterOrDigitOrUnderscore>, <variableTail>
              7. loop - one symbol in possibility: -> "V"
              7. loop - one symbol in possibility: -> "_"
              7. loop - one symbol in possibility: -> "h"
              7. loop - one symbol in possibility: -> "i"
              7. loop - one symbol in possibility: -> "h"
              7. loop - one symbol in possibility: -> "i"
              7. loop - one symbol in possibility: -> <variableLetterOrDigitOrUnderscore>
                          overRepetition > 2 here: -> "V", "_", "h", "i", "h", "i", "h", "i", <variableTail>

               8. loop === first possibility === : -> "V", "_", "h", "i", "h", "i", <empty>
              8. loop - one symbol in possibility: -> "V"
              8. loop - one symbol in possibility: -> "_"
              8. loop - one symbol in possibility: -> "h"
              8. loop - one symbol in possibility: -> "i"
              8. loop - one symbol in possibility: -> "h"
              8. loop - one symbol in possibility: -> "i"
              8. loop - one symbol in possibility: -> <empty>
                       only terminating symbolname -> V_hihi


               9. loop === first possibility === : -> "V", "_", "h", "i", "h", "i"
              9. loop - one symbol in possibility: -> "V"
              9. loop - one symbol in possibility: -> "_"
              9. loop - one symbol in possibility: -> "h"
              9. loop - one symbol in possibility: -> "i"
              9. loop - one symbol in possibility: -> "h"
              9. loop - one symbol in possibility: -> "i"
                       only terminating symbolname -> V_hihi


              10. loop === first possibility === : -> "V", "_", "h", "i", <empty>
             10. loop - one symbol in possibility: -> "V"
             10. loop - one symbol in possibility: -> "_"
             10. loop - one symbol in possibility: -> "h"
             10. loop - one symbol in possibility: -> "i"
             10. loop - one symbol in possibility: -> <empty>
                       only terminating symbolname -> V_hi


              11. loop === first possibility === : -> "V", "_", "h", "i"
             11. loop - one symbol in possibility: -> "V"
             11. loop - one symbol in possibility: -> "_"
             11. loop - one symbol in possibility: -> "h"
             11. loop - one symbol in possibility: -> "i"
                       only terminating symbolname -> V_hi


              12. loop === first possibility === : -> "V", "_", <empty>
             12. loop - one symbol in possibility: -> "V"
             12. loop - one symbol in possibility: -> "_"
             12. loop - one symbol in possibility: -> <empty>
                       only terminating symbolname -> V_


              13. loop === first possibility === : -> "V", "_"
             13. loop - one symbol in possibility: -> "V"
             13. loop - one symbol in possibility: -> "_"
                       only terminating symbolname -> V_
