
               1. loop === first possibility === : -> <digit>, <numberTail>
              1. loop - one symbol in possibility: -> <digit>

               2. loop === first possibility === : -> "0", <numberTail>
              2. loop - one symbol in possibility: -> "0"
              2. loop - one symbol in possibility: -> <numberTail>
                       only terminating symbolname -> 0


               3. loop === first possibility === : -> "0", <digit>, <numberTail>
              3. loop - one symbol in possibility: -> "0"
              3. loop - one symbol in possibility: -> <digit>

               4. loop === first possibility === : -> "0", "0", <numberTail>
              4. loop - one symbol in possibility: -> "0"
              4. loop - one symbol in possibility: -> "0"
              4. loop - one symbol in possibility: -> <numberTail>
                       only terminating symbolname -> 00


               5. loop === first possibility === : -> "0", "0", <digit>, <numberTail>
              5. loop - one symbol in possibility: -> "0"
              5. loop - one symbol in possibility: -> "0"
              5. loop - one symbol in possibility: -> <digit>
                          overRepetition > 2 here: -> "0", "0", "0", <numberTail>

               6. loop === first possibility === : -> "0", "0", "1", <numberTail>
              6. loop - one symbol in possibility: -> "0"
              6. loop - one symbol in possibility: -> "0"
              6. loop - one symbol in possibility: -> "1"
              6. loop - one symbol in possibility: -> <numberTail>
                       only terminating symbolname -> 001


               7. loop === first possibility === : -> "0", "0", "1", <digit>, <numberTail>
              7. loop - one symbol in possibility: -> "0"
              7. loop - one symbol in possibility: -> "0"
              7. loop - one symbol in possibility: -> "1"
              7. loop - one symbol in possibility: -> <digit>
                          overRepetition > 2 here: -> "0", "0", "1", "0", <numberTail>

               8. loop === first possibility === : -> "0", "0", "1", "1", <numberTail>
              8. loop - one symbol in possibility: -> "0"
              8. loop - one symbol in possibility: -> "0"
              8. loop - one symbol in possibility: -> "1"
              8. loop - one symbol in possibility: -> "1"
              8. loop - one symbol in possibility: -> <numberTail>
                       only terminating symbolname -> 0011


               9. loop === first possibility === : -> "0", "0", "1", "1", <digit>, <numberTail>
              9. loop - one symbol in possibility: -> "0"
              9. loop - one symbol in possibility: -> "0"
              9. loop - one symbol in possibility: -> "1"
              9. loop - one symbol in possibility: -> "1"
              9. loop - one symbol in possibility: -> <digit>
                          overRepetition > 2 here: -> "0", "0", "1", "1", "0", <numberTail>
                          overRepetition > 2 here: -> "0", "0", "1", "1", "1", <numberTail>

              10. loop === first possibility === : -> "0", "0", "1", "1", <empty>
             10. loop - one symbol in possibility: -> "0"
             10. loop - one symbol in possibility: -> "0"
             10. loop - one symbol in possibility: -> "1"
             10. loop - one symbol in possibility: -> "1"
             10. loop - one symbol in possibility: -> <empty>
                       only terminating symbolname -> 0011


              11. loop === first possibility === : -> "0", "0", "1", "1"
             11. loop - one symbol in possibility: -> "0"
             11. loop - one symbol in possibility: -> "0"
             11. loop - one symbol in possibility: -> "1"
             11. loop - one symbol in possibility: -> "1"
                       only terminating symbolname -> 0011


              12. loop === first possibility === : -> "0", "0", "1", <empty>
             12. loop - one symbol in possibility: -> "0"
             12. loop - one symbol in possibility: -> "0"
             12. loop - one symbol in possibility: -> "1"
             12. loop - one symbol in possibility: -> <empty>
                       only terminating symbolname -> 001


              13. loop === first possibility === : -> "0", "0", "1"
             13. loop - one symbol in possibility: -> "0"
             13. loop - one symbol in possibility: -> "0"
             13. loop - one symbol in possibility: -> "1"
                       only terminating symbolname -> 001


              14. loop === first possibility === : -> "0", "0", <empty>
             14. loop - one symbol in possibility: -> "0"
             14. loop - one symbol in possibility: -> "0"
             14. loop - one symbol in possibility: -> <empty>
                       only terminating symbolname -> 00


              15. loop === first possibility === : -> "0", "0"
             15. loop - one symbol in possibility: -> "0"
             15. loop - one symbol in possibility: -> "0"
                       only terminating symbolname -> 00


              16. loop === first possibility === : -> "0", "1", <numberTail>
             16. loop - one symbol in possibility: -> "0"
             16. loop - one symbol in possibility: -> "1"
             16. loop - one symbol in possibility: -> <numberTail>
                       only terminating symbolname -> 01


              17. loop === first possibility === : -> "0", "1", <digit>, <numberTail>
             17. loop - one symbol in possibility: -> "0"
             17. loop - one symbol in possibility: -> "1"
             17. loop - one symbol in possibility: -> <digit>

              18. loop === first possibility === : -> "0", "1", "0", <numberTail>
             18. loop - one symbol in possibility: -> "0"
             18. loop - one symbol in possibility: -> "1"
             18. loop - one symbol in possibility: -> "0"
             18. loop - one symbol in possibility: -> <numberTail>
                       only terminating symbolname -> 010


              19. loop === first possibility === : -> "0", "1", "0", <digit>, <numberTail>
             19. loop - one symbol in possibility: -> "0"
             19. loop - one symbol in possibility: -> "1"
             19. loop - one symbol in possibility: -> "0"
             19. loop - one symbol in possibility: -> <digit>
                          overRepetition > 2 here: -> "0", "1", "0", "0", <numberTail>

              20. loop === first possibility === : -> "0", "1", "0", "1", <numberTail>
             20. loop - one symbol in possibility: -> "0"
             20. loop - one symbol in possibility: -> "1"
             20. loop - one symbol in possibility: -> "0"
             20. loop - one symbol in possibility: -> "1"
             20. loop - one symbol in possibility: -> <numberTail>
                       only terminating symbolname -> 0101


              21. loop === first possibility === : -> "0", "1", "0", "1", <digit>, <numberTail>
             21. loop - one symbol in possibility: -> "0"
             21. loop - one symbol in possibility: -> "1"
             21. loop - one symbol in possibility: -> "0"
             21. loop - one symbol in possibility: -> "1"
             21. loop - one symbol in possibility: -> <digit>
                          overRepetition > 2 here: -> "0", "1", "0", "1", "0", <numberTail>
                          overRepetition > 2 here: -> "0", "1", "0", "1", "1", <numberTail>

              22. loop === first possibility === : -> "0", "1", "0", "1", <empty>
             22. loop - one symbol in possibility: -> "0"
             22. loop - one symbol in possibility: -> "1"
             22. loop - one symbol in possibility: -> "0"
             22. loop - one symbol in possibility: -> "1"
             22. loop - one symbol in possibility: -> <empty>
                       only terminating symbolname -> 0101


              23. loop === first possibility === : -> "0", "1", "0", "1"
             23. loop - one symbol in possibility: -> "0"
             23. loop - one symbol in possibility: -> "1"
             23. loop - one symbol in possibility: -> "0"
             23. loop - one symbol in possibility: -> "1"
                       only terminating symbolname -> 0101


              24. loop === first possibility === : -> "0", "1", "0", <empty>
             24. loop - one symbol in possibility: -> "0"
             24. loop - one symbol in possibility: -> "1"
             24. loop - one symbol in possibility: -> "0"
             24. loop - one symbol in possibility: -> <empty>
                       only terminating symbolname -> 010


              25. loop === first possibility === : -> "0", "1", "0"
             25. loop - one symbol in possibility: -> "0"
             25. loop - one symbol in possibility: -> "1"
             25. loop - one symbol in possibility: -> "0"
                       only terminating symbolname -> 010


              26. loop === first possibility === : -> "0", "1", "1", <numberTail>
             26. loop - one symbol in possibility: -> "0"
             26. loop - one symbol in possibility: -> "1"
             26. loop - one symbol in possibility: -> "1"
             26. loop - one symbol in possibility: -> <numberTail>
                       only terminating symbolname -> 011


              27. loop === first possibility === : -> "0", "1", "1", <digit>, <numberTail>
             27. loop - one symbol in possibility: -> "0"
             27. loop - one symbol in possibility: -> "1"
             27. loop - one symbol in possibility: -> "1"
             27. loop - one symbol in possibility: -> <digit>
                          overRepetition > 2 here: -> "0", "1", "1", "1", <numberTail>

              28. loop === first possibility === : -> "0", "1", "1", "0", <numberTail>
             28. loop - one symbol in possibility: -> "0"
             28. loop - one symbol in possibility: -> "1"
             28. loop - one symbol in possibility: -> "1"
             28. loop - one symbol in possibility: -> "0"
             28. loop - one symbol in possibility: -> <numberTail>
                       only terminating symbolname -> 0110


              29. loop === first possibility === : -> "0", "1", "1", "0", <digit>, <numberTail>
             29. loop - one symbol in possibility: -> "0"
             29. loop - one symbol in possibility: -> "1"
             29. loop - one symbol in possibility: -> "1"
             29. loop - one symbol in possibility: -> "0"
             29. loop - one symbol in possibility: -> <digit>
                          overRepetition > 2 here: -> "0", "1", "1", "0", "0", <numberTail>
                          overRepetition > 2 here: -> "0", "1", "1", "0", "1", <numberTail>

              30. loop === first possibility === : -> "0", "1", "1", "0", <empty>
             30. loop - one symbol in possibility: -> "0"
             30. loop - one symbol in possibility: -> "1"
             30. loop - one symbol in possibility: -> "1"
             30. loop - one symbol in possibility: -> "0"
             30. loop - one symbol in possibility: -> <empty>
                       only terminating symbolname -> 0110


              31. loop === first possibility === : -> "0", "1", "1", "0"
             31. loop - one symbol in possibility: -> "0"
             31. loop - one symbol in possibility: -> "1"
             31. loop - one symbol in possibility: -> "1"
             31. loop - one symbol in possibility: -> "0"
                       only terminating symbolname -> 0110


              32. loop === first possibility === : -> "0", "1", "1", <empty>
             32. loop - one symbol in possibility: -> "0"
             32. loop - one symbol in possibility: -> "1"
             32. loop - one symbol in possibility: -> "1"
             32. loop - one symbol in possibility: -> <empty>
                       only terminating symbolname -> 011


              33. loop === first possibility === : -> "0", "1", "1"
             33. loop - one symbol in possibility: -> "0"
             33. loop - one symbol in possibility: -> "1"
             33. loop - one symbol in possibility: -> "1"
                       only terminating symbolname -> 011


              34. loop === first possibility === : -> "0", "1", <empty>
             34. loop - one symbol in possibility: -> "0"
             34. loop - one symbol in possibility: -> "1"
             34. loop - one symbol in possibility: -> <empty>
                       only terminating symbolname -> 01


              35. loop === first possibility === : -> "0", "1"
             35. loop - one symbol in possibility: -> "0"
             35. loop - one symbol in possibility: -> "1"
                       only terminating symbolname -> 01


              36. loop === first possibility === : -> "0", <empty>
             36. loop - one symbol in possibility: -> "0"
             36. loop - one symbol in possibility: -> <empty>
                       only terminating symbolname -> 0


              37. loop === first possibility === : -> "0"
             37. loop - one symbol in possibility: -> "0"
                       only terminating symbolname -> 0


              38. loop === first possibility === : -> "1", <numberTail>
             38. loop - one symbol in possibility: -> "1"
             38. loop - one symbol in possibility: -> <numberTail>
                       only terminating symbolname -> 1


              39. loop === first possibility === : -> "1", <digit>, <numberTail>
             39. loop - one symbol in possibility: -> "1"
             39. loop - one symbol in possibility: -> <digit>

              40. loop === first possibility === : -> "1", "0", <numberTail>
             40. loop - one symbol in possibility: -> "1"
             40. loop - one symbol in possibility: -> "0"
             40. loop - one symbol in possibility: -> <numberTail>
                       only terminating symbolname -> 10


              41. loop === first possibility === : -> "1", "0", <digit>, <numberTail>
             41. loop - one symbol in possibility: -> "1"
             41. loop - one symbol in possibility: -> "0"
             41. loop - one symbol in possibility: -> <digit>

              42. loop === first possibility === : -> "1", "0", "0", <numberTail>
             42. loop - one symbol in possibility: -> "1"
             42. loop - one symbol in possibility: -> "0"
             42. loop - one symbol in possibility: -> "0"
             42. loop - one symbol in possibility: -> <numberTail>
                       only terminating symbolname -> 100


              43. loop === first possibility === : -> "1", "0", "0", <digit>, <numberTail>
             43. loop - one symbol in possibility: -> "1"
             43. loop - one symbol in possibility: -> "0"
             43. loop - one symbol in possibility: -> "0"
             43. loop - one symbol in possibility: -> <digit>
                          overRepetition > 2 here: -> "1", "0", "0", "0", <numberTail>

              44. loop === first possibility === : -> "1", "0", "0", "1", <numberTail>
             44. loop - one symbol in possibility: -> "1"
             44. loop - one symbol in possibility: -> "0"
             44. loop - one symbol in possibility: -> "0"
             44. loop - one symbol in possibility: -> "1"
             44. loop - one symbol in possibility: -> <numberTail>
                       only terminating symbolname -> 1001


              45. loop === first possibility === : -> "1", "0", "0", "1", <digit>, <numberTail>
             45. loop - one symbol in possibility: -> "1"
             45. loop - one symbol in possibility: -> "0"
             45. loop - one symbol in possibility: -> "0"
             45. loop - one symbol in possibility: -> "1"
             45. loop - one symbol in possibility: -> <digit>
                          overRepetition > 2 here: -> "1", "0", "0", "1", "0", <numberTail>
                          overRepetition > 2 here: -> "1", "0", "0", "1", "1", <numberTail>

              46. loop === first possibility === : -> "1", "0", "0", "1", <empty>
             46. loop - one symbol in possibility: -> "1"
             46. loop - one symbol in possibility: -> "0"
             46. loop - one symbol in possibility: -> "0"
             46. loop - one symbol in possibility: -> "1"
             46. loop - one symbol in possibility: -> <empty>
                       only terminating symbolname -> 1001


              47. loop === first possibility === : -> "1", "0", "0", "1"
             47. loop - one symbol in possibility: -> "1"
             47. loop - one symbol in possibility: -> "0"
             47. loop - one symbol in possibility: -> "0"
             47. loop - one symbol in possibility: -> "1"
                       only terminating symbolname -> 1001


              48. loop === first possibility === : -> "1", "0", "0", <empty>
             48. loop - one symbol in possibility: -> "1"
             48. loop - one symbol in possibility: -> "0"
             48. loop - one symbol in possibility: -> "0"
             48. loop - one symbol in possibility: -> <empty>
                       only terminating symbolname -> 100


              49. loop === first possibility === : -> "1", "0", "0"
             49. loop - one symbol in possibility: -> "1"
             49. loop - one symbol in possibility: -> "0"
             49. loop - one symbol in possibility: -> "0"
                       only terminating symbolname -> 100


              50. loop === first possibility === : -> "1", "0", "1", <numberTail>
             50. loop - one symbol in possibility: -> "1"
             50. loop - one symbol in possibility: -> "0"
             50. loop - one symbol in possibility: -> "1"
             50. loop - one symbol in possibility: -> <numberTail>
                       only terminating symbolname -> 101


              51. loop === first possibility === : -> "1", "0", "1", <digit>, <numberTail>
             51. loop - one symbol in possibility: -> "1"
             51. loop - one symbol in possibility: -> "0"
             51. loop - one symbol in possibility: -> "1"
             51. loop - one symbol in possibility: -> <digit>
                          overRepetition > 2 here: -> "1", "0", "1", "1", <numberTail>

              52. loop === first possibility === : -> "1", "0", "1", "0", <numberTail>
             52. loop - one symbol in possibility: -> "1"
             52. loop - one symbol in possibility: -> "0"
             52. loop - one symbol in possibility: -> "1"
             52. loop - one symbol in possibility: -> "0"
             52. loop - one symbol in possibility: -> <numberTail>
                       only terminating symbolname -> 1010


              53. loop === first possibility === : -> "1", "0", "1", "0", <digit>, <numberTail>
             53. loop - one symbol in possibility: -> "1"
             53. loop - one symbol in possibility: -> "0"
             53. loop - one symbol in possibility: -> "1"
             53. loop - one symbol in possibility: -> "0"
             53. loop - one symbol in possibility: -> <digit>
                          overRepetition > 2 here: -> "1", "0", "1", "0", "0", <numberTail>
                          overRepetition > 2 here: -> "1", "0", "1", "0", "1", <numberTail>

              54. loop === first possibility === : -> "1", "0", "1", "0", <empty>
             54. loop - one symbol in possibility: -> "1"
             54. loop - one symbol in possibility: -> "0"
             54. loop - one symbol in possibility: -> "1"
             54. loop - one symbol in possibility: -> "0"
             54. loop - one symbol in possibility: -> <empty>
                       only terminating symbolname -> 1010


              55. loop === first possibility === : -> "1", "0", "1", "0"
             55. loop - one symbol in possibility: -> "1"
             55. loop - one symbol in possibility: -> "0"
             55. loop - one symbol in possibility: -> "1"
             55. loop - one symbol in possibility: -> "0"
                       only terminating symbolname -> 1010


              56. loop === first possibility === : -> "1", "0", "1", <empty>
             56. loop - one symbol in possibility: -> "1"
             56. loop - one symbol in possibility: -> "0"
             56. loop - one symbol in possibility: -> "1"
             56. loop - one symbol in possibility: -> <empty>
                       only terminating symbolname -> 101


              57. loop === first possibility === : -> "1", "0", "1"
             57. loop - one symbol in possibility: -> "1"
             57. loop - one symbol in possibility: -> "0"
             57. loop - one symbol in possibility: -> "1"
                       only terminating symbolname -> 101


              58. loop === first possibility === : -> "1", "0", <empty>
             58. loop - one symbol in possibility: -> "1"
             58. loop - one symbol in possibility: -> "0"
             58. loop - one symbol in possibility: -> <empty>
                       only terminating symbolname -> 10


              59. loop === first possibility === : -> "1", "0"
             59. loop - one symbol in possibility: -> "1"
             59. loop - one symbol in possibility: -> "0"
                       only terminating symbolname -> 10


              60. loop === first possibility === : -> "1", "1", <numberTail>
             60. loop - one symbol in possibility: -> "1"
             60. loop - one symbol in possibility: -> "1"
             60. loop - one symbol in possibility: -> <numberTail>
                       only terminating symbolname -> 11


              61. loop === first possibility === : -> "1", "1", <digit>, <numberTail>
             61. loop - one symbol in possibility: -> "1"
             61. loop - one symbol in possibility: -> "1"
             61. loop - one symbol in possibility: -> <digit>
                          overRepetition > 2 here: -> "1", "1", "1", <numberTail>

              62. loop === first possibility === : -> "1", "1", "0", <numberTail>
             62. loop - one symbol in possibility: -> "1"
             62. loop - one symbol in possibility: -> "1"
             62. loop - one symbol in possibility: -> "0"
             62. loop - one symbol in possibility: -> <numberTail>
                       only terminating symbolname -> 110


              63. loop === first possibility === : -> "1", "1", "0", <digit>, <numberTail>
             63. loop - one symbol in possibility: -> "1"
             63. loop - one symbol in possibility: -> "1"
             63. loop - one symbol in possibility: -> "0"
             63. loop - one symbol in possibility: -> <digit>
                          overRepetition > 2 here: -> "1", "1", "0", "1", <numberTail>

              64. loop === first possibility === : -> "1", "1", "0", "0", <numberTail>
             64. loop - one symbol in possibility: -> "1"
             64. loop - one symbol in possibility: -> "1"
             64. loop - one symbol in possibility: -> "0"
             64. loop - one symbol in possibility: -> "0"
             64. loop - one symbol in possibility: -> <numberTail>
                       only terminating symbolname -> 1100


              65. loop === first possibility === : -> "1", "1", "0", "0", <digit>, <numberTail>
             65. loop - one symbol in possibility: -> "1"
             65. loop - one symbol in possibility: -> "1"
             65. loop - one symbol in possibility: -> "0"
             65. loop - one symbol in possibility: -> "0"
             65. loop - one symbol in possibility: -> <digit>
                          overRepetition > 2 here: -> "1", "1", "0", "0", "0", <numberTail>
                          overRepetition > 2 here: -> "1", "1", "0", "0", "1", <numberTail>

              66. loop === first possibility === : -> "1", "1", "0", "0", <empty>
             66. loop - one symbol in possibility: -> "1"
             66. loop - one symbol in possibility: -> "1"
             66. loop - one symbol in possibility: -> "0"
             66. loop - one symbol in possibility: -> "0"
             66. loop - one symbol in possibility: -> <empty>
                       only terminating symbolname -> 1100


              67. loop === first possibility === : -> "1", "1", "0", "0"
             67. loop - one symbol in possibility: -> "1"
             67. loop - one symbol in possibility: -> "1"
             67. loop - one symbol in possibility: -> "0"
             67. loop - one symbol in possibility: -> "0"
                       only terminating symbolname -> 1100


              68. loop === first possibility === : -> "1", "1", "0", <empty>
             68. loop - one symbol in possibility: -> "1"
             68. loop - one symbol in possibility: -> "1"
             68. loop - one symbol in possibility: -> "0"
             68. loop - one symbol in possibility: -> <empty>
                       only terminating symbolname -> 110


              69. loop === first possibility === : -> "1", "1", "0"
             69. loop - one symbol in possibility: -> "1"
             69. loop - one symbol in possibility: -> "1"
             69. loop - one symbol in possibility: -> "0"
                       only terminating symbolname -> 110


              70. loop === first possibility === : -> "1", "1", <empty>
             70. loop - one symbol in possibility: -> "1"
             70. loop - one symbol in possibility: -> "1"
             70. loop - one symbol in possibility: -> <empty>
                       only terminating symbolname -> 11


              71. loop === first possibility === : -> "1", "1"
             71. loop - one symbol in possibility: -> "1"
             71. loop - one symbol in possibility: -> "1"
                       only terminating symbolname -> 11


              72. loop === first possibility === : -> "1", <empty>
             72. loop - one symbol in possibility: -> "1"
             72. loop - one symbol in possibility: -> <empty>
                       only terminating symbolname -> 1


              73. loop === first possibility === : -> "1"
             73. loop - one symbol in possibility: -> "1"
                       only terminating symbolname -> 1


              74. loop === first possibility === : -> <empty>
             74. loop - one symbol in possibility: -> <empty>

              75. loop === first possibility === : -> 