
               1. loop === first possibility === : -> <anyUnicodeChars>, <atomCharList_inQuotes>
              1. loop - one symbol in possibility: -> <anyUnicodeChars>

               2. loop === first possibility === : -> <atomPossibleCharAfterFirstPosition>, <atomCharList_inQuotes>
              2. loop - one symbol in possibility: -> <atomPossibleCharAfterFirstPosition>

               3. loop === first possibility === : -> "t", "m", <atomCharList_inQuotes>
              3. loop - one symbol in possibility: -> "t"
              3. loop - one symbol in possibility: -> "m"
              3. loop - one symbol in possibility: -> <atomCharList_inQuotes>
                       only terminating symbolname -> tm


               4. loop === first possibility === : -> "t", "m", <anyUnicodeChars>, <atomCharList_inQuotes>
              4. loop - one symbol in possibility: -> "t"
              4. loop - one symbol in possibility: -> "m"
              4. loop - one symbol in possibility: -> <anyUnicodeChars>

               5. loop === first possibility === : -> "t", "m", <atomPossibleCharAfterFirstPosition>, <atomCharList_inQuotes>
              5. loop - one symbol in possibility: -> "t"
              5. loop - one symbol in possibility: -> "m"
              5. loop - one symbol in possibility: -> <atomPossibleCharAfterFirstPosition>

               6. loop === first possibility === : -> "t", "m", "t", "m", <atomCharList_inQuotes>
              6. loop - one symbol in possibility: -> "t"
              6. loop - one symbol in possibility: -> "m"
              6. loop - one symbol in possibility: -> "t"
              6. loop - one symbol in possibility: -> "m"
              6. loop - one symbol in possibility: -> <atomCharList_inQuotes>
                       only terminating symbolname -> tmtm


               7. loop === first possibility === : -> "t", "m", "t", "m", <anyUnicodeChars>, <atomCharList_inQuotes>
              7. loop - one symbol in possibility: -> "t"
              7. loop - one symbol in possibility: -> "m"
              7. loop - one symbol in possibility: -> "t"
              7. loop - one symbol in possibility: -> "m"
              7. loop - one symbol in possibility: -> <anyUnicodeChars>

               8. loop === first possibility === : -> "t", "m", "t", "m", <atomPossibleCharAfterFirstPosition>, <atomCharList_inQuotes>
              8. loop - one symbol in possibility: -> "t"
              8. loop - one symbol in possibility: -> "m"
              8. loop - one symbol in possibility: -> "t"
              8. loop - one symbol in possibility: -> "m"
              8. loop - one symbol in possibility: -> <atomPossibleCharAfterFirstPosition>
                          overRepetition > 2 here: -> "t", "m", "t", "m", "t", "m", <atomCharList_inQuotes>

               9. loop === first possibility === : -> "t", "m", "t", "m", <empty>
              9. loop - one symbol in possibility: -> "t"
              9. loop - one symbol in possibility: -> "m"
              9. loop - one symbol in possibility: -> "t"
              9. loop - one symbol in possibility: -> "m"
              9. loop - one symbol in possibility: -> <empty>
                       only terminating symbolname -> tmtm


              10. loop === first possibility === : -> "t", "m", "t", "m"
             10. loop - one symbol in possibility: -> "t"
             10. loop - one symbol in possibility: -> "m"
             10. loop - one symbol in possibility: -> "t"
             10. loop - one symbol in possibility: -> "m"
                       only terminating symbolname -> tmtm


              11. loop === first possibility === : -> "t", "m", <empty>
             11. loop - one symbol in possibility: -> "t"
             11. loop - one symbol in possibility: -> "m"
             11. loop - one symbol in possibility: -> <empty>
                       only terminating symbolname -> tm


              12. loop === first possibility === : -> "t", "m"
             12. loop - one symbol in possibility: -> "t"
             12. loop - one symbol in possibility: -> "m"
                       only terminating symbolname -> tm


              13. loop === first possibility === : -> <empty>
             13. loop - one symbol in possibility: -> <empty>

              14. loop === first possibility === : -> 